\BOOKMARK [1][-]{section.1}{\376\377\116\313\176\315}{}% 1
\BOOKMARK [1][-]{section.2}{\376\377\177\121\176\334\134\102\166\321\143\247}{}% 2
\BOOKMARK [2][-]{subsection.2.1}{\376\377\163\260\147\011\166\204\177\121\176\334\226\220\171\301\211\343\121\263\145\271\150\110}{section.2}% 3
\BOOKMARK [2][-]{subsection.2.2}{\376\377\176\317\155\116\157\300\122\261\124\214\123\357\142\151\134\125\140\047}{section.2}% 4
\BOOKMARK [1][-]{section.3}{\376\377\000N\000y\000m\177\121\176\334\213\276\213\241}{}% 5
\BOOKMARK [2][-]{subsection.3.1}{\376\377\000N\000y\000m\000\040\177\121\176\334\123\302\116\016\200\005}{section.3}% 6
\BOOKMARK [2][-]{subsection.3.2}{\376\377\117\341\140\157\155\101}{section.3}% 7
\BOOKMARK [2][-]{subsection.3.3}{\376\377\116\343\136\001\155\101}{section.3}% 8
\BOOKMARK [2][-]{subsection.3.4}{\376\377\132\001\200\301\152\041\127\213}{section.3}% 9
\BOOKMARK [2][-]{subsection.3.5}{\376\377\226\220\171\301\122\237\200\375}{section.3}% 10
\BOOKMARK [2][-]{subsection.3.6}{\376\377\211\201\154\102}{section.3}% 11
\BOOKMARK [1][-]{section.4}{\376\377\165\050\116\216\177\121\176\334\134\102\226\220\171\301\166\204\000\040\000M\000i\000x\000n\000e\000t}{}% 12
\BOOKMARK [2][-]{subsection.4.1}{\376\377\122\006\134\102\155\367\124\010\177\121\176\334\142\323\142\121}{section.4}% 13
\BOOKMARK [2][-]{subsection.4.2}{\376\377\177\121\121\163}{section.4}% 14
\BOOKMARK [2][-]{subsection.4.3}{\376\377\000S\000p\000h\000i\000n\000x\000\040\145\160\143\156\123\005\150\074\137\017}{section.4}% 15
\BOOKMARK [2][-]{subsection.4.4}{\376\377\217\336\176\355\145\366\225\364\155\367\124\010\124\214\143\007\145\160\136\366\217\337}{section.4}% 16
\BOOKMARK [2][-]{subsection.4.5}{\376\377\123\077\124\015\126\336\131\015\124\214\117\177\165\050\116\000\153\041\140\047\126\336\131\015\127\127\377\010\000S\000U\000R\000B\000s\377\011\166\204\123\357\227\140\117\040\217\223}{section.4}% 17
\BOOKMARK [2][-]{subsection.4.6}{\376\377\220\032\217\307\143\251\142\244\155\101\221\317\137\252\163\257\133\236\163\260\116\015\123\357\211\302\133\337\140\047}{section.4}% 18
\BOOKMARK [2][-]{subsection.4.7}{\376\377\155\367\124\010\177\121\176\334\000\040\000e\000p\000o\000c\000h\000s}{section.4}% 19
\BOOKMARK [2][-]{subsection.4.8}{\376\377\136\366\217\337\060\001\136\046\133\275\060\001\123\357\142\151\134\125\140\047\124\214\226\220\171\301}{section.4}% 20
\BOOKMARK [1][-]{section.5}{\376\377\226\220\205\075\213\301\146\016\040\034\117\177\165\050\147\103\040\035\166\204\121\355\213\301}{}% 21
\BOOKMARK [2][-]{subsection.5.1}{\376\377\123\077\124\015\121\355\213\301}{section.5}% 22
\BOOKMARK [2][-]{subsection.5.2}{\376\377\000N\000y\000m\000\040\121\355\213\301}{section.5}% 23
\BOOKMARK [2][-]{subsection.5.3}{\376\377\121\355\213\301\150\074\137\017}{section.5}% 24
\BOOKMARK [2][-]{subsection.5.4}{\376\377\134\006\131\032\116\052\121\355\213\301\176\321\133\232\127\050\116\000\215\167}{section.5}% 25
\BOOKMARK [2][-]{subsection.5.5}{\376\377\142\306\122\006\124\010\136\166\144\315\117\134}{section.5}% 26
\BOOKMARK [2][-]{subsection.5.6}{\376\377\121\355\213\301\225\364\226\224}{section.5}% 27
\BOOKMARK [1][-]{section.6}{\376\377\122\240\133\306\176\317\155\116\133\146}{}% 28
\BOOKMARK [2][-]{subsection.6.1}{\376\377\000N\000y\000m\116\343\136\001}{section.6}% 29
\BOOKMARK [2][-]{subsection.6.2}{\376\377\155\367\124\010\143\026\167\377\131\126\122\261\124\214\120\250\131\007}{section.6}% 30
\BOOKMARK [2][-]{subsection.6.3}{\376\377\122\240\121\145\000N\000y\000m\000\040\000m\000i\000x\000n\000e\000t\377\032\133\232\116\367\136\046\133\275\124\214\202\202\160\271\220\011\142\351}{section.6}% 31
\BOOKMARK [2][-]{subsection.6.4}{\376\377\000P\000r\000o\000o\000f\000\040\000o\000f\000\040\000m\000i\000x\000i\000n\000g}{section.6}% 32
\BOOKMARK [2][-]{subsection.6.5}{\376\377\000E\000p\000o\000c\000h\000\040\131\126\122\261\122\006\221\115\147\072\122\066}{section.6}% 33
\BOOKMARK [1][-]{section.7}{\376\377\176\323\213\272}{}% 34
